0 info it worked if it ends with ok
1 verbose cli [ 'C:\\Program Files\\nodejs\\node.exe',
1 verbose cli   'C:\\Program Files\\nodejs\\node_modules\\npm\\bin\\npm-cli.js',
1 verbose cli   'run',
1 verbose cli   'dev' ]
2 info using npm@3.10.8
3 info using node@v6.9.1
4 verbose run-script [ 'predev', 'dev', 'postdev' ]
5 info lifecycle webpack-app@1.0.0~predev: webpack-app@1.0.0
6 silly lifecycle webpack-app@1.0.0~predev: no script for predev, continuing
7 info lifecycle webpack-app@1.0.0~dev: webpack-app@1.0.0
8 verbose lifecycle webpack-app@1.0.0~dev: unsafe-perm in lifecycle true
9 verbose lifecycle webpack-app@1.0.0~dev: PATH: C:\Program Files\nodejs\node_modules\npm\bin\node-gyp-bin;C:\Users\Administrator\freelycar\WebContent\web\node_modules\.bin;D:\app\Administrator\product\11.2.0\dbhome_1\bin;D:\app\User\product\12.1.0\dbhome_1\bin;C:\ProgramData\Oracle\Java\javapath;C:\Java\jdk1.7.0\\bin;C:\Windows\system32;C:\Windows;C:\Windows\System32\Wbem;C:\Windows\System32\WindowsPowerShell\v1.0\;C:\strawberry\c\bin;C:\strawberry\perl\bin;C:\Program Files\nodejs\;C:\Program Files\Git\cmd;C:\Java\jdk1.7.0\\bin;C:\AppServ\Apache24\bin;C:\AppServ\php5;C:\Users\Administrator\AppData\Roaming\npm;C:\Program Files (x86)\Microsoft VS Code\bin
10 verbose lifecycle webpack-app@1.0.0~dev: CWD: C:\Users\Administrator\freelycar\WebContent\web
11 silly lifecycle webpack-app@1.0.0~dev: Args: [ '/d /s /c',
11 silly lifecycle   'webpack-dev-server --progress --inline --compress' ]
12 silly lifecycle webpack-app@1.0.0~dev: Returned: code: 3221225786  signal: null
13 info lifecycle webpack-app@1.0.0~dev: Failed to exec dev script
14 verbose stack Error: webpack-app@1.0.0 dev: `webpack-dev-server --progress --inline --compress`
14 verbose stack Exit status 3221225786
14 verbose stack     at EventEmitter.<anonymous> (C:\Program Files\nodejs\node_modules\npm\lib\utils\lifecycle.js:255:16)
14 verbose stack     at emitTwo (events.js:106:13)
14 verbose stack     at EventEmitter.emit (events.js:191:7)
14 verbose stack     at ChildProcess.<anonymous> (C:\Program Files\nodejs\node_modules\npm\lib\utils\spawn.js:40:14)
14 verbose stack     at emitTwo (events.js:106:13)
14 verbose stack     at ChildProcess.emit (events.js:191:7)
14 verbose stack     at maybeClose (internal/child_process.js:877:16)
14 verbose stack     at Process.ChildProcess._handle.onexit (internal/child_process.js:226:5)
15 verbose pkgid webpack-app@1.0.0
16 verbose cwd C:\Users\Administrator\freelycar\WebContent\web
17 error Windows_NT 6.1.7601
18 error argv "C:\\Program Files\\nodejs\\node.exe" "C:\\Program Files\\nodejs\\node_modules\\npm\\bin\\npm-cli.js" "run" "dev"
19 error node v6.9.1
20 error npm  v3.10.8
21 error code ELIFECYCLE
22 error webpack-app@1.0.0 dev: `webpack-dev-server --progress --inline --compress`
22 error Exit status 3221225786
23 error Failed at the webpack-app@1.0.0 dev script 'webpack-dev-server --progress --inline --compress'.
23 error Make sure you have the latest version of node.js and npm installed.
23 error If you do, this is most likely a problem with the webpack-app package,
23 error not with npm itself.
23 error Tell the author that this fails on your system:
23 error     webpack-dev-server --progress --inline --compress
23 error You can get information on how to open an issue for this project with:
23 error     npm bugs webpack-app
23 error Or if that isn't available, you can get their info via:
23 error     npm owner ls webpack-app
23 error There is likely additional logging output above.
24 verbose exit [ 1, true ]
